<?xml version="1.0" encoding="UTF-8"?>
<testsuite name="org.example.backend.BackendApplicationTests" tests="1" skipped="0" failures="0" errors="0" timestamp="2025-09-07T15:45:20" hostname="Raress-MacBook-Pro.local" time="0.608">
  <properties/>
  <testcase name="contextLoads()" classname="org.example.backend.BackendApplicationTests" time="0.608"/>
  <system-out><![CDATA[18:45:18.917 [Test worker] INFO org.springframework.test.context.support.AnnotationConfigContextLoaderUtils -- Could not detect default configuration classes for test class [org.example.backend.BackendApplicationTests]: BackendApplicationTests does not declare any static, non-private, non-final, nested classes annotated with @Configuration.
18:45:18.996 [Test worker] INFO org.springframework.boot.test.context.SpringBootTestContextBootstrapper -- Found @SpringBootConfiguration org.example.backend.BackendApplication for test class org.example.backend.BackendApplicationTests

  .   ____          _            __ _ _
 /\\ / ___'_ __ _ _(_)_ __  __ _ \ \ \ \
( ( )\___ | '_ | '_| | '_ \/ _` | \ \ \ \
 \\/  ___)| |_)| | | | | || (_| |  ) ) ) )
  '  |____| .__|_| |_|_| |_\__, | / / / /
 =========|_|==============|___/=/_/_/_/

 :: Spring Boot ::                (v3.3.5)

2025-09-07T18:45:19.275+03:00  INFO 15413 --- [backend] [    Test worker] o.e.backend.BackendApplicationTests      : Starting BackendApplicationTests using Java 17.0.16 with PID 15413 (started by raresc4 in /Users/raresc4/Desktop/cod/PartyPlanner/backend)
2025-09-07T18:45:19.276+03:00  INFO 15413 --- [backend] [    Test worker] o.e.backend.BackendApplicationTests      : No active profile set, falling back to 1 default profile: "default"
2025-09-07T18:45:19.791+03:00  INFO 15413 --- [backend] [    Test worker] .s.d.r.c.RepositoryConfigurationDelegate : Bootstrapping Spring Data MongoDB repositories in DEFAULT mode.
2025-09-07T18:45:19.829+03:00  INFO 15413 --- [backend] [    Test worker] .s.d.r.c.RepositoryConfigurationDelegate : Finished Spring Data repository scanning in 34 ms. Found 2 MongoDB repository interfaces.
2025-09-07T18:45:20.195+03:00  INFO 15413 --- [backend] [fdm.mongodb.net] org.mongodb.driver.cluster               : Adding discovered server ac-bejctd8-shard-00-02.xeskfdm.mongodb.net:27017 to client view of cluster
2025-09-07T18:45:20.195+03:00  INFO 15413 --- [backend] [    Test worker] org.mongodb.driver.client                : MongoClient with metadata {"application": {"name": "CoolCluster"}, "driver": {"name": "mongo-java-driver|sync|spring-boot", "version": "5.0.1"}, "os": {"type": "Darwin", "name": "Mac OS X", "architecture": "x86_64", "version": "15.6.1"}, "platform": "Java/Microsoft/17.0.16+8-LTS"} created with settings MongoClientSettings{readPreference=primary, writeConcern=WriteConcern{w=majority, wTimeout=null ms, journal=null}, retryWrites=true, retryReads=true, readConcern=ReadConcern{level=null}, credential=MongoCredential{mechanism=null, userName='rarescatana4', source='admin', password=<hidden>, mechanismProperties=<hidden>}, transportSettings=null, commandListeners=[], codecRegistry=ProvidersCodecRegistry{codecProviders=[ValueCodecProvider{}, BsonValueCodecProvider{}, DBRefCodecProvider{}, DBObjectCodecProvider{}, DocumentCodecProvider{}, CollectionCodecProvider{}, IterableCodecProvider{}, MapCodecProvider{}, GeoJsonCodecProvider{}, GridFSFileCodecProvider{}, Jsr310CodecProvider{}, JsonObjectCodecProvider{}, BsonCodecProvider{}, EnumCodecProvider{}, com.mongodb.client.model.mql.ExpressionCodecProvider@4e424582, com.mongodb.Jep395RecordCodecProvider@58dad04a, com.mongodb.KotlinCodecProvider@73e776b7]}, loggerSettings=LoggerSettings{maxDocumentLength=1000}, clusterSettings={hosts=[127.0.0.1:27017], srvHost=coolcluster.xeskfdm.mongodb.net, srvServiceName=mongodb, mode=MULTIPLE, requiredClusterType=REPLICA_SET, requiredReplicaSetName='atlas-qbq8gd-shard-0', serverSelector='null', clusterListeners='[]', serverSelectionTimeout='30000 ms', localThreshold='15 ms'}, socketSettings=SocketSettings{connectTimeoutMS=10000, readTimeoutMS=0, receiveBufferSize=0, proxySettings=ProxySettings{host=null, port=null, username=null, password=null}}, heartbeatSocketSettings=SocketSettings{connectTimeoutMS=10000, readTimeoutMS=10000, receiveBufferSize=0, proxySettings=ProxySettings{host=null, port=null, username=null, password=null}}, connectionPoolSettings=ConnectionPoolSettings{maxSize=100, minSize=0, maxWaitTimeMS=120000, maxConnectionLifeTimeMS=0, maxConnectionIdleTimeMS=0, maintenanceInitialDelayMS=0, maintenanceFrequencyMS=60000, connectionPoolListeners=[], maxConnecting=2}, serverSettings=ServerSettings{heartbeatFrequencyMS=10000, minHeartbeatFrequencyMS=500, serverListeners='[]', serverMonitorListeners='[]'}, sslSettings=SslSettings{enabled=true, invalidHostNameAllowed=false, context=null}, applicationName='CoolCluster', compressorList=[], uuidRepresentation=JAVA_LEGACY, serverApi=null, autoEncryptionSettings=null, dnsClient=null, inetAddressResolver=null, contextProvider=null}
2025-09-07T18:45:20.212+03:00  INFO 15413 --- [backend] [fdm.mongodb.net] org.mongodb.driver.cluster               : Adding discovered server ac-bejctd8-shard-00-00.xeskfdm.mongodb.net:27017 to client view of cluster
2025-09-07T18:45:20.215+03:00  INFO 15413 --- [backend] [fdm.mongodb.net] org.mongodb.driver.cluster               : Adding discovered server ac-bejctd8-shard-00-01.xeskfdm.mongodb.net:27017 to client view of cluster
2025-09-07T18:45:20.504+03:00  INFO 15413 --- [backend] [    Test worker] r$InitializeUserDetailsManagerConfigurer : Global AuthenticationManager configured with UserDetailsService bean with name inMemoryUserDetailsManager
2025-09-07T18:45:20.616+03:00  INFO 15413 --- [backend] [ngodb.net:27017] org.mongodb.driver.cluster               : Monitor thread successfully connected to server with description ServerDescription{address=ac-bejctd8-shard-00-00.xeskfdm.mongodb.net:27017, type=REPLICA_SET_SECONDARY, state=CONNECTED, ok=true, minWireVersion=0, maxWireVersion=25, maxDocumentSize=16777216, logicalSessionTimeoutMinutes=30, roundTripTimeNanos=210556018, setName='atlas-qbq8gd-shard-0', canonicalAddress=ac-bejctd8-shard-00-00.xeskfdm.mongodb.net:27017, hosts=[ac-bejctd8-shard-00-00.xeskfdm.mongodb.net:27017, ac-bejctd8-shard-00-02.xeskfdm.mongodb.net:27017, ac-bejctd8-shard-00-01.xeskfdm.mongodb.net:27017], passives=[], arbiters=[], primary='ac-bejctd8-shard-00-02.xeskfdm.mongodb.net:27017', tagSet=TagSet{[Tag{name='availabilityZone', value='euc1-az2'}, Tag{name='diskState', value='READY'}, Tag{name='nodeType', value='ELECTABLE'}, Tag{name='provider', value='AWS'}, Tag{name='region', value='EU_CENTRAL_1'}, Tag{name='workloadType', value='OPERATIONAL'}]}, electionId=null, setVersion=139, topologyVersion=TopologyVersion{processId=68b8831b946349328512d9d7, counter=4}, lastWriteDate=Sun Sep 07 18:45:20 EEST 2025, lastUpdateTimeNanos=4696254657680}
2025-09-07T18:45:20.616+03:00  INFO 15413 --- [backend] [ngodb.net:27017] org.mongodb.driver.cluster               : Monitor thread successfully connected to server with description ServerDescription{address=ac-bejctd8-shard-00-02.xeskfdm.mongodb.net:27017, type=REPLICA_SET_PRIMARY, state=CONNECTED, ok=true, minWireVersion=0, maxWireVersion=25, maxDocumentSize=16777216, logicalSessionTimeoutMinutes=30, roundTripTimeNanos=203252345, setName='atlas-qbq8gd-shard-0', canonicalAddress=ac-bejctd8-shard-00-02.xeskfdm.mongodb.net:27017, hosts=[ac-bejctd8-shard-00-00.xeskfdm.mongodb.net:27017, ac-bejctd8-shard-00-02.xeskfdm.mongodb.net:27017, ac-bejctd8-shard-00-01.xeskfdm.mongodb.net:27017], passives=[], arbiters=[], primary='ac-bejctd8-shard-00-02.xeskfdm.mongodb.net:27017', tagSet=TagSet{[Tag{name='availabilityZone', value='euc1-az1'}, Tag{name='diskState', value='READY'}, Tag{name='nodeType', value='ELECTABLE'}, Tag{name='provider', value='AWS'}, Tag{name='region', value='EU_CENTRAL_1'}, Tag{name='workloadType', value='OPERATIONAL'}]}, electionId=7fffffff00000000000006cd, setVersion=139, topologyVersion=TopologyVersion{processId=68b88366e65f797f65ec344c, counter=6}, lastWriteDate=Sun Sep 07 18:45:20 EEST 2025, lastUpdateTimeNanos=4696254712297}
2025-09-07T18:45:20.620+03:00  INFO 15413 --- [backend] [ngodb.net:27017] org.mongodb.driver.cluster               : Discovered replica set primary ac-bejctd8-shard-00-02.xeskfdm.mongodb.net:27017 with max election id 7fffffff00000000000006cd and max set version 139
2025-09-07T18:45:20.620+03:00  INFO 15413 --- [backend] [ngodb.net:27017] org.mongodb.driver.cluster               : Monitor thread successfully connected to server with description ServerDescription{address=ac-bejctd8-shard-00-01.xeskfdm.mongodb.net:27017, type=REPLICA_SET_SECONDARY, state=CONNECTED, ok=true, minWireVersion=0, maxWireVersion=25, maxDocumentSize=16777216, logicalSessionTimeoutMinutes=30, roundTripTimeNanos=194366944, setName='atlas-qbq8gd-shard-0', canonicalAddress=ac-bejctd8-shard-00-01.xeskfdm.mongodb.net:27017, hosts=[ac-bejctd8-shard-00-00.xeskfdm.mongodb.net:27017, ac-bejctd8-shard-00-02.xeskfdm.mongodb.net:27017, ac-bejctd8-shard-00-01.xeskfdm.mongodb.net:27017], passives=[], arbiters=[], primary='ac-bejctd8-shard-00-02.xeskfdm.mongodb.net:27017', tagSet=TagSet{[Tag{name='availabilityZone', value='euc1-az3'}, Tag{name='diskState', value='READY'}, Tag{name='nodeType', value='ELECTABLE'}, Tag{name='provider', value='AWS'}, Tag{name='region', value='EU_CENTRAL_1'}, Tag{name='workloadType', value='OPERATIONAL'}]}, electionId=null, setVersion=139, topologyVersion=TopologyVersion{processId=68b883b1c558791b9aec2d0c, counter=3}, lastWriteDate=Sun Sep 07 18:45:20 EEST 2025, lastUpdateTimeNanos=4696260279177}
2025-09-07T18:45:20.889+03:00  INFO 15413 --- [backend] [    Test worker] o.e.backend.BackendApplicationTests      : Started BackendApplicationTests in 1.781 seconds (process running for 2.706)
]]></system-out>
  <system-err><![CDATA[]]></system-err>
</testsuite>
